-------------------------------------------------------------------------------
Test set: com.app.dao.DepartmentDaoTest
-------------------------------------------------------------------------------
Tests run: 2, Failures: 0, Errors: 2, Skipped: 0, Time elapsed: 0.064 s <<< FAILURE! - in com.app.dao.DepartmentDaoTest
testSaveDepartments2  Time elapsed: 0.051 s  <<< ERROR!
org.springframework.dao.DataIntegrityViolationException: could not execute statement; SQL [n/a]; constraint [departments.UK_ie8c2kr4fl4b9ao6dkwydvm1e]; nested exception is org.hibernate.exception.ConstraintViolationException: could not execute statement
	at com.app.dao.DepartmentDaoTest.testSaveDepartments2(DepartmentDaoTest.java:39)
Caused by: org.hibernate.exception.ConstraintViolationException: could not execute statement
	at com.app.dao.DepartmentDaoTest.testSaveDepartments2(DepartmentDaoTest.java:39)
Caused by: java.sql.SQLIntegrityConstraintViolationException: Duplicate entry 'Production' for key 'departments.UK_ie8c2kr4fl4b9ao6dkwydvm1e'
	at com.app.dao.DepartmentDaoTest.testSaveDepartments2(DepartmentDaoTest.java:39)

testSaveDepartments  Time elapsed: 0.012 s  <<< ERROR!
org.springframework.dao.DataIntegrityViolationException: could not execute statement; SQL [n/a]; constraint [departments.UK_ie8c2kr4fl4b9ao6dkwydvm1e]; nested exception is org.hibernate.exception.ConstraintViolationException: could not execute statement
	at com.app.dao.DepartmentDaoTest.testSaveDepartments(DepartmentDaoTest.java:31)
Caused by: org.hibernate.exception.ConstraintViolationException: could not execute statement
	at com.app.dao.DepartmentDaoTest.testSaveDepartments(DepartmentDaoTest.java:31)
Caused by: java.sql.SQLIntegrityConstraintViolationException: Duplicate entry 'RnD' for key 'departments.UK_ie8c2kr4fl4b9ao6dkwydvm1e'
	at com.app.dao.DepartmentDaoTest.testSaveDepartments(DepartmentDaoTest.java:31)

